開始解綁第 1 位使用者
開始處理 序號: 1079349000006 使用者: lenny_cheng@compal.com 的資料
授權碼: ZDI2ZjY0NWMtMTE1Zi00OGJlLTgxMzItZGRiZjI3YzYwN2Qy
仁寶雲金鑰: Bearer MTRhZTdlMDEtNDMzNC00OTc5LWI5NDktZmJiYzBjNTg5NWMz
tutk金鑰: Bearer Y2M5NWY3MDQtMDdmYS00YWU1LWFjMmQtZTQ1YzA4MmQ1YWFl
使用者識別碼: MzFjODU1NTctNmEyOC00ZDVhLTllNDEtNzRhOTRmYmRiZDIz
使用者信箱: lenny_cheng@compal.com
寶寶識別碼: MTI5ZGNmYTEtOWQzOC00NTI1LTg4OTUtYjAyZmQxODY0YjQ5
寶寶名稱: sisi

從TUTK解綁
使用者資料:, {"created":"2020-04-30T02:46:27.378Z","email":"lenny_cheng@compal.com","is_active":null,"lang":"","last_login":"2021-12-17T07:11:18.586Z","name":"Anonymous","nickname":"Anonymous","pk":"5eaa3c03f174434ba7041e23","uid":null,"updated":"2020-04-30T02:46:27.378Z","vendor":"5e84461154b0c599ddab8e25"}
使用者裝置列表:, []
從仁寶雲解綁
第 1 位使用者解綁完成

開始解綁第 2 位使用者
開始處理 序號: 1079349000006 使用者: lenny_cheng@compal.com 的資料
授權碼: M2YzZDYyYjctNmJmOC00MjBiLWE4YTItZDBhMjgwMDJkMjQ4
仁寶雲金鑰: Bearer OGQwNDRlN2YtNjcxOC00MzdhLTliNGItZWYwYzM4NDUyODU4
tutk金鑰: Bearer NGYxOGM5NGEtOGM4YS00MThlLWEwNDAtMmE4MTBlNDM5Njk3
使用者識別碼: MzFjODU1NTctNmEyOC00ZDVhLTllNDEtNzRhOTRmYmRiZDIz
使用者信箱: lenny_cheng@compal.com
寶寶識別碼: MTI5ZGNmYTEtOWQzOC00NTI1LTg4OTUtYjAyZmQxODY0YjQ5
寶寶名稱: sisi

從TUTK解綁
使用者資料:, {"created":"2020-04-30T02:46:27.378Z","email":"lenny_cheng@compal.com","is_active":null,"lang":"","last_login":"2021-12-17T07:11:23.177Z","name":"Anonymous","nickname":"Anonymous","pk":"5eaa3c03f174434ba7041e23","uid":null,"updated":"2020-04-30T02:46:27.378Z","vendor":"5e84461154b0c599ddab8e25"}
使用者裝置列表:, []
從仁寶雲解綁
第 2 位使用者解綁完成

...Done
總共花了 9.987 秒
